# JRE version: OpenJDK Runtime Environment (21.0.8) (build 21.0.8+-14196175-b1038.72)
# Java VM: OpenJDK 64-Bit Server VM (21.0.8+-14196175-b1038.72, mixed mode, tiered, compressed oops, compressed class ptrs, g1 gc, windows-amd64)
GC Precious Log:
 CardTable entry size: 512
 Card Set container configuration: InlinePtr #cards 5 size 8 Array Of Cards #cards 12 size 40 Howl #buckets 4 coarsen threshold 1843 Howl Bitmap #cards 512 size 80 coarsen threshold 460 Card regions per heap region 1 cards per card region 2048
 CPUs: 8 total, 8 available
 Memory: 7914M
 Large Page Support: Disabled
 NUMA Support: Disabled
 Compressed Oops: Enabled (32-bit)
 Heap Region Size: 1M
 Heap Min Capacity: 8M
 Heap Initial Capacity: 124M
 Heap Max Capacity: 2G
 Pre-touch: Disabled
 Parallel Workers: 8
 Concurrent Workers: 2
 Concurrent Refinement Workers: 8
 Periodic GC: Disabled
Heap:
 garbage-first heap   total 388096K, used 171673K [0x0000000080000000, 0x0000000100000000)
  region size 1024K, 3 young (3072K), 3 survivors (3072K)
 Metaspace       used 162116K, committed 163904K, reserved 1245184K
  class space    used 21643K, committed 22720K, reserved 1048576K
GC Heap History (20 events):
Event: 3565.588 GC heap after
{Heap after GC invocations=86 (full 0):
 garbage-first heap   total 380928K, used 217948K [0x0000000080000000, 0x0000000100000000)
  region size 1024K, 6 young (6144K), 6 survivors (6144K)
 Metaspace       used 158264K, committed 160128K, reserved 1245184K
  class space    used 21332K, committed 22528K, reserved 1048576K
}
Event: 3568.017 GC heap before
{Heap before GC invocations=86 (full 0):
 garbage-first heap   total 380928K, used 329564K [0x0000000080000000, 0x0000000100000000)
  region size 1024K, 98 young (100352K), 6 survivors (6144K)
 Metaspace       used 161346K, committed 163200K, reserved 1245184K
  class space    used 21606K, committed 22720K, reserved 1048576K
}
Event: 3568.065 GC heap after
{Heap after GC invocations=87 (full 0):
 garbage-first heap   total 380928K, used 227590K [0x0000000080000000, 0x0000000100000000)
  region size 1024K, 13 young (13312K), 13 survivors (13312K)
 Metaspace       used 161346K, committed 163200K, reserved 1245184K
  class space    used 21606K, committed 22720K, reserved 1048576K
}
Event: 3572.124 GC heap before
{Heap before GC invocations=87 (full 0):
 garbage-first heap   total 380928K, used 272646K [0x0000000080000000, 0x0000000100000000)
  region size 1024K, 58 young (59392K), 13 survivors (13312K)
 Metaspace       used 161413K, committed 163264K, reserved 1245184K
  class space    used 21606K, committed 22720K, reserved 1048576K
}
Event: 3572.225 GC heap after
{Heap after GC invocations=88 (full 0):
 garbage-first heap   total 380928K, used 224768K [0x0000000080000000, 0x0000000100000000)
  region size 1024K, 5 young (5120K), 5 survivors (5120K)
 Metaspace       used 161413K, committed 163264K, reserved 1245184K
  class space    used 21606K, committed 22720K, reserved 1048576K
}
Event: 3703.945 GC heap before
{Heap before GC invocations=88 (full 0):
 garbage-first heap   total 380928K, used 368128K [0x0000000080000000, 0x0000000100000000)
  region size 1024K, 111 young (113664K), 5 survivors (5120K)
 Metaspace       used 161546K, committed 163392K, reserved 1245184K
  class space    used 21612K, committed 22720K, reserved 1048576K
}
Event: 3704.153 GC heap after
{Heap after GC invocations=89 (full 0):
 garbage-first heap   total 384000K, used 229633K [0x0000000080000000, 0x0000000100000000)
  region size 1024K, 10 young (10240K), 10 survivors (10240K)
 Metaspace       used 161546K, committed 163392K, reserved 1245184K
  class space    used 21612K, committed 22720K, reserved 1048576K
}
Event: 3704.309 GC heap before
{Heap before GC invocations=89 (full 0):
 garbage-first heap   total 384000K, used 231681K [0x0000000080000000, 0x0000000100000000)
  region size 1024K, 13 young (13312K), 10 survivors (10240K)
 Metaspace       used 161547K, committed 163392K, reserved 1245184K
  class space    used 21612K, committed 22720K, reserved 1048576K
}
Event: 3704.351 GC heap after
{Heap after GC invocations=90 (full 0):
 garbage-first heap   total 384000K, used 231244K [0x0000000080000000, 0x0000000100000000)
  region size 1024K, 2 young (2048K), 2 survivors (2048K)
 Metaspace       used 161547K, committed 163392K, reserved 1245184K
  class space    used 21612K, committed 22720K, reserved 1048576K
}
Event: 3714.110 GC heap before
{Heap before GC invocations=91 (full 0):
 garbage-first heap   total 384000K, used 334668K [0x0000000080000000, 0x0000000100000000)
  region size 1024K, 108 young (110592K), 2 survivors (2048K)
 Metaspace       used 161401K, committed 163328K, reserved 1245184K
  class space    used 21591K, committed 22720K, reserved 1048576K
}
Event: 3714.129 GC heap after
{Heap after GC invocations=92 (full 0):
 garbage-first heap   total 384000K, used 201517K [0x0000000080000000, 0x0000000100000000)
  region size 1024K, 5 young (5120K), 5 survivors (5120K)
 Metaspace       used 161401K, committed 163328K, reserved 1245184K
  class space    used 21591K, committed 22720K, reserved 1048576K
}
Event: 3758.576 GC heap before
{Heap before GC invocations=92 (full 0):
 garbage-first heap   total 384000K, used 379693K [0x0000000080000000, 0x0000000100000000)
  region size 1024K, 139 young (142336K), 5 survivors (5120K)
 Metaspace       used 161907K, committed 163712K, reserved 1245184K
  class space    used 21616K, committed 22720K, reserved 1048576K
}
Event: 3759.698 GC heap after
{Heap after GC invocations=93 (full 0):
 garbage-first heap   total 388096K, used 192116K [0x0000000080000000, 0x0000000100000000)
  region size 1024K, 6 young (6144K), 6 survivors (6144K)
 Metaspace       used 161907K, committed 163712K, reserved 1245184K
  class space    used 21616K, committed 22720K, reserved 1048576K
}
Event: 3760.126 GC heap before
{Heap before GC invocations=93 (full 0):
 garbage-first heap   total 388096K, used 204404K [0x0000000080000000, 0x0000000100000000)
  region size 1024K, 18 young (18432K), 6 survivors (6144K)
 Metaspace       used 161909K, committed 163712K, reserved 1245184K
  class space    used 21616K, committed 22720K, reserved 1048576K
}
Event: 3760.176 GC heap after
{Heap after GC invocations=94 (full 0):
 garbage-first heap   total 388096K, used 181940K [0x0000000080000000, 0x0000000100000000)
  region size 1024K, 3 young (3072K), 3 survivors (3072K)
 Metaspace       used 161909K, committed 163712K, reserved 1245184K
  class space    used 21616K, committed 22720K, reserved 1048576K
}
Event: 3761.530 GC heap before
{Heap before GC invocations=94 (full 0):
 garbage-first heap   total 388096K, used 197300K [0x0000000080000000, 0x0000000100000000)
  region size 1024K, 18 young (18432K), 3 survivors (3072K)
 Metaspace       used 162060K, committed 163840K, reserved 1245184K
  class space    used 21643K, committed 22720K, reserved 1048576K
}
Event: 3761.560 GC heap after
{Heap after GC invocations=95 (full 0):
 garbage-first heap   total 388096K, used 173414K [0x0000000080000000, 0x0000000100000000)
  region size 1024K, 3 young (3072K), 3 survivors (3072K)
 Metaspace       used 162060K, committed 163840K, reserved 1245184K
  class space    used 21643K, committed 22720K, reserved 1048576K
}
Event: 3762.251 GC heap before
{Heap before GC invocations=95 (full 0):
 garbage-first heap   total 388096K, used 188774K [0x0000000080000000, 0x0000000100000000)
  region size 1024K, 18 young (18432K), 3 survivors (3072K)
 Metaspace       used 162110K, committed 163904K, reserved 1245184K
  class space    used 21643K, committed 22720K, reserved 1048576K
}
Event: 3762.322 GC heap after
{Heap after GC invocations=96 (full 0):
 garbage-first heap   total 388096K, used 168960K [0x0000000080000000, 0x0000000100000000)
  region size 1024K, 3 young (3072K), 3 survivors (3072K)
 Metaspace       used 162110K, committed 163904K, reserved 1245184K
  class space    used 21643K, committed 22720K, reserved 1048576K
}
Event: 3762.665 GC heap before
{Heap before GC invocations=96 (full 0):
 garbage-first heap   total 388096K, used 187392K [0x0000000080000000, 0x0000000100000000)
  region size 1024K, 18 young (18432K), 3 survivors (3072K)
 Metaspace       used 162116K, committed 163904K, reserved 1245184K
  class space    used 21643K, committed 22720K, reserved 1048576K
}

